epoch,acc,loss,val_acc,val_loss
0,0.5845452572043403,0.9188481400063169,0.5728239632749961,1.1419960075380073
1,0.6315389624096345,0.811011485288064,0.5474278272000419,0.9484976401990423
2,0.6681137399221155,0.7410347956831709,0.5726069034711384,1.5841630565543119
3,0.6988278706575232,0.6853929399823014,0.6498806168542965,1.2692157364678223
4,0.7200998480314285,0.6442089591596606,0.5630562173096301,1.363104611900434
5,0.742619926199262,0.5987739813594309,0.6924245713433501,0.7109137906773582
6,0.7559149120644217,0.5744735781505255,0.47558063735070755,1.2295511809351751
7,0.7711634469415247,0.536736444884069,0.7286737577398196,0.736255855759028
8,0.7872802257434339,0.5086941222241987,0.7829390083835264,0.5301774015829261
9,0.800466681111524,0.4789264724224592,0.784024311206541,0.52977569057441
10,0.8038853917692187,0.4683573044301218,0.6238332957592139,0.8850622628913517
11,0.8181571521468191,0.4347087166457883,0.6668113702182427,0.8732089924403481
12,0.8253201649663555,0.4281163850367807,0.7603646610858049,0.6567508946640879
13,0.8359561537179974,0.40598008541189357,0.7495116120257294,0.6480286458075784
14,0.839212068604212,0.39259397116068623,0.7981332772487618,0.51878818130193
15,0.8495767310743662,0.37359063889785216,0.8474061225173218,0.3736354506064941
16,0.8512589537401326,0.36779430951734726,0.843716085112377,0.4016615508214393
17,0.8571196005689573,0.3540073913233591,0.803342739801384,0.48418692114660067
18,0.8654764488691981,0.33923533449197296,0.868895158116668,0.33824759724667
19,0.8680811808376838,0.33224311616212704,0.6592142390459614,1.0851573266666314
20,0.8701432602949455,0.32877389005370583,0.7953114844931422,0.595850420639886
21,0.8729107879184709,0.31519905743149734,0.8332971566562309,0.4184205960057836
22,0.8806707184848285,0.30613360514681176,0.5726069030183139,1.215513071864811
23,0.8813761666769678,0.303252269873941,0.789667895993261,0.6712324731981829
24,0.8807792490077738,0.2974703584908663,0.8018233122084543,0.4880608452849101
25,0.8872910788319543,0.28620118390512433,0.8890818276476752,0.2990604784798151
26,0.8889190362362481,0.2778682507718492,0.7614499665352018,0.6987420587224507
27,0.8915780334015174,0.2776241715078062,0.8843064892310135,0.2986148071115695
28,0.89695029304528,0.2694874928096952,0.8725851941631393,0.3744537858880728
29,0.8971130888038223,0.25966685932086764,0.8912524410822864,0.3073228154940333
30,0.9003690037288504,0.2563996701455825,0.8817017578188551,0.30620123503561103
31,0.8988495767569371,0.25528367931099655,0.8662904258894253,0.3823292231272533
32,0.8997178207334945,0.24990960756053576,0.9062296471550223,0.25418206688403977
33,0.9062839158191478,0.24101042598712358,0.7894508360988385,0.6037341829414401
34,0.9088886476970687,0.244220222914739,0.9066637691174253,0.24003125834560768
35,0.9123616235774227,0.2266135035793875,0.9079661347329396,0.2588484653499966
36,0.9124158888259575,0.23084192736135378,0.8817017556452974,0.3133908627392647
37,0.9080204037593248,0.2317079432730771,0.8606468409215754,0.37696758616454484
38,0.9148035597614903,0.22000241611781182,0.8908183168557607,0.3206408606134218
39,0.9169199045061004,0.21936575928996074,0.9138267805914261,0.25589562195978066
40,0.9170827002646428,0.2102699472267922,0.8875624033150818,0.28581782683345225
41,0.9168656392705035,0.21335995252281978,0.899283698654651,0.2642971595798989
42,0.9193618406772303,0.2116550826391766,0.9331452108164374,0.17375838919578107
43,0.9223464293078328,0.2056687595025562,0.8769264144211237,0.35192656212989487
44,0.9224549598566539,0.19941058767535358,0.8599956606043532,0.4737236597353889
45,0.9211525938788799,0.20571559291176897,0.9151291479276736,0.22946280893726775
46,0.9218037768871737,0.19994195594830552,0.9307575428307329,0.1910755428369738
47,0.9265248534708911,0.1886699666991419,0.8934230515282559,0.3079785842239042
48,0.926090731521426,0.19450114109794567,0.9146950245162321,0.26443505591856625
49,0.9278272194098516,0.1874828154420501,0.9292381116152069,0.19387422347110186
50,0.9250596917604504,0.19453498140860462,0.9370523096554083,0.1761947423866573
51,0.9262535272540926,0.1867113315168989,0.9288039897433688,0.1883732083548505
52,0.9306490123983524,0.17781796133813202,0.8940742328416921,0.2942114493413217
53,0.9300520946256556,0.18249383482727075,0.9301063578947004,0.18230789644141918
54,0.9354786194532637,0.1697042180030781,0.9001519394096853,0.29075164241635
55,0.9513240720513122,0.13347917188881586,0.9544171906873464,0.1257795728726904
56,0.9578901671628411,0.11425639822551892,0.9546342523930672,0.1282462185385793
57,0.9561536791838506,0.115732609573125,0.9594095940700653,0.11533335581161477
58,0.9590840026306077,0.10952333294280522,0.9565878014955754,0.11654557494900673
59,0.9633166919516358,0.10142454200280522,0.9594095947945845,0.11571835574196881
60,0.9615259387758618,0.10413852404695492,0.9613631439876578,0.11757018983615584
61,0.9622313870197525,0.10065102336161277,0.96375081414692,0.10825194669545783
62,0.9629368352765811,0.09838743689477068,0.961363144712177,0.10905312753070429
63,0.9635880182331235,0.0969999274317784,0.9552854342498929,0.13273967063531122
64,0.9648903841591461,0.0964101613714518,0.9635337561543603,0.1113864001443006
65,0.9648903841979596,0.09765644352021925,0.9672237934687403,0.10226855009963236
66,0.9634794877360539,0.09376673929155559,0.9650531816642973,0.10673484908562822
67,0.967006728916694,0.08886234895193787,0.9565877988691932,0.1285068730156386
68,0.9678749728932514,0.08578620608212738,0.9661384872042592,0.1011613183623511
69,0.9662470154372063,0.0905580087523444,0.9633166923656468,0.10978130223069826
70,0.9679292381159106,0.08741727965819827,0.966572607445929,0.1022608415521835
71,0.9679292380770971,0.08486288540196284,0.9654873027210513,0.10057049258439255
72,0.967440850879097,0.08793500368791649,0.9641849391885298,0.1071033310213872
73,0.9695571955978314,0.08183639133496633,0.9674408532725981,0.10271007214157978
74,0.9698827870243513,0.08283566577521352,0.9685261581786057,0.10231906447692209
75,0.9686346863468634,0.08567092163051213,0.9633166934524257,0.11255889965533816
76,0.9690688083351422,0.08183613670931246,0.9626655088786529,0.1104300235276215
77,0.9702083785543738,0.08111465224053768,0.9685261580880407,0.10196367750057131
78,0.970371174325854,0.08211868517351481,0.9670067311290652,0.09866158917292771
79,0.9712394182765357,0.07732702994653246,0.9648361200491414,0.10157034739790093
80,0.968526155836856,0.08284046601674705,0.9659214253174087,0.0998490928574816
81,0.9692858693292815,0.07972409018152236,0.9620143267501324,0.12125512139052184
82,0.9701541133058389,0.076751572033259,0.9646190584339857,0.10335892780033201
83,0.9703169090514434,0.08013079202642358,0.9659214241400649,0.10206833162668641
84,0.9721619275275036,0.0753109636080771,0.9670067293177671,0.09439880261834471
85,0.9711851530538765,0.07729982184288635,0.967006730404546,0.0936572398429517
86,0.9706967657911874,0.07978470980577673,0.9698285249714638,0.09711267567137209
87,0.9708052962494435,0.07851995666381371,0.965921425951363,0.09962466306164085
88,0.9705339700455828,0.07831281668983443,0.9689602805938331,0.09383619805530687
89,0.9708052963141327,0.07689483359210243,0.9650531823888165,0.10477968276441356
90,0.9731929672496655,0.07555778250858326,0.9622313911728003,0.11369018784983136
91,0.9728131104840461,0.07520723660196119,0.9672237921102668,0.09853490584758168
92,0.9731387020011307,0.07592859348297985,0.968309097287969,0.0958556685994341
93,0.9725960494899066,0.07208087173334418,0.9683090976502287,0.1007287578901067
94,0.9736270892120686,0.07159315977352307,0.9641849390979649,0.10619407616105292
95,0.9729759062555262,0.07333460406790218,0.9704797069188543,0.08856376298847389
96,0.9725417842413718,0.0729429175285208,0.9691773418467293,0.09647888454683619
97,0.971130887779466,0.07582725042694363,0.9700455854092758,0.08847834926910435
98,0.972975906190837,0.07496514297991066,0.9537660091022154,0.1450981059523442
99,0.973735619735014,0.07224605273959149,0.9630996328334838,0.10379854792845056
100,0.9740069459776881,0.0717199659413679,0.9661384868419995,0.09715490367559508
101,0.9738441502320836,0.0711761551094671,0.9689602798693139,0.08885035275333866
102,0.9735185587149989,0.07174961167218462,0.9700455865866195,0.09145888403569097
103,0.971022357308272,0.07542043839042975,0.9680920359445079,0.09553461714637805
104,0.9726503147384415,0.07254240797140837,0.9702626473866912,0.09167273824018474
105,0.9746581289342305,0.0715009391100421,0.9615802030669962,0.1151001943792442
106,0.9750922509225092,0.0691749710352723,0.9685261580880407,0.0943449652510276
107,0.9737356196703247,0.0692730093395468,0.9739526847010712,0.08338721376407705
108,0.9759604949249423,0.06574694425779748,0.9691773419372943,0.09137002855997402
109,0.974820924679835,0.06681097606215193,0.9700455854998407,0.0911220969249793
110,0.9744410679400911,0.0688166823340222,0.9641849366527124,0.10842716380115255
111,0.9745495984630366,0.06741962237241135,0.9685261580880407,0.09669064175665447
112,0.9762318211417408,0.06666104204585606,0.973301499583909,0.08882337823927214
113,0.973410028243805,0.07103951961499104,0.9654873027210513,0.10799835466520809
114,0.9752550466681137,0.06598224682118464,0.970479707190549,0.0865896376947437
115,0.9754178423749047,0.06780073377731334,0.9667896690610849,0.0980777110722921
116,0.9775341871324527,0.06446363805466343,0.9709138300586011,0.09109000355244412
117,0.9748751899542456,0.06733572810309323,0.9702626455753932,0.09174641581903759
118,0.9742782722203623,0.06781572737656849,0.9730844397800512,0.08414240692920469
119,0.9743325374688971,0.06773590709496996,0.970262644850874,0.09205103836748858
120,0.9761232906446712,0.06307875149987843,0.9735185603839808,0.08825284696955518
121,0.9756891686175789,0.06332837203034408,0.9711308898624589,0.08797907854331524
122,0.9775884523551118,0.06036270964370779,0.9713479503908358,0.08883358749810874
123,0.977859778597786,0.05926163305472061,0.9717820728966282,0.08686015867833444
124,0.9781853701148707,0.05963556857996735,0.9726503171836939,0.08563710810245256
125,0.9767202083656166,0.06267135503651529,0.9733015003084282,0.08747790010453636
126,0.9798133275450401,0.05697439866217707,0.9719991338778298,0.08499861435013772
127,0.9791078793140873,0.05621998523979965,0.9722161943156419,0.08578648774221374
128,0.9810071630386823,0.05558600837685409,0.9730844386027075,0.08551165769167773
129,0.9778597786236617,0.05859260697387578,0.9730844389649671,0.08420640734072458
130,0.979216409811157,0.05486434733239189,0.9728673780743305,0.0857407001680742
131,0.9791078793399629,0.05668022227761626,0.972433255659103,0.08540498152686438
132,0.9802474495333189,0.05707160751221106,0.9728673778026358,0.08501145610147035
133,0.9784024310831344,0.05749507387058936,0.9728673778026358,0.08499340440667373
134,0.9784024310831344,0.059303067534812653,0.9728673774403762,0.08510988049247224
135,0.9793249403082266,0.056055194097068724,0.9726503165497395,0.0853206128645286
136,0.978076839617801,0.060935537322720106,0.9726503169119992,0.08524772246470418
137,0.9797590622965053,0.057010022152740036,0.9724332560213625,0.0855687399136963
138,0.978565226815801,0.05772531007656907,0.9726503165497395,0.08563817718331804
139,0.9779683090560422,0.058982253186234894,0.972433255659103,0.08558080366651226
140,0.9775884523551118,0.059658125354434356,0.9728673774403762,0.08486064975759929
141,0.9794334708052963,0.055900385132088164,0.9726503168214343,0.0850218695697118
142,0.978510961580204,0.059124758734932,0.9728673774403762,0.0842704241353194
143,0.9781311048404602,0.05933524464324379,0.9726503165497395,0.08461944914494895
144,0.9804645104886447,0.05681542542789132,0.9728673774403762,0.08565529395513025
145,0.9801389190621249,0.05750963318201895,0.9726503168214343,0.08526243028056708
146,0.9779683091207313,0.059048807264645474,0.9726503165497395,0.08496624893927916
147,0.9782939006119403,0.05783741958625332,0.9728673777120709,0.08552243546869312
148,0.9788365530325995,0.057416530177627906,0.9726503168214343,0.08501865025289823
149,0.9782939006119403,0.0598281167373983,0.9726503165497395,0.08465699878826415
150,0.9768287389014997,0.06047614106380011,0.9728673777120709,0.08425801013569975
151,0.9787280225743434,0.05838006771882599,0.9726503164591747,0.0846213496322037
152,0.9791078793140873,0.05734642051885663,0.9726503168214343,0.08486658705972355
153,0.9782939005860647,0.05857346379300222,0.9726503168214343,0.08466647586378725
154,0.9800303885650552,0.054313801410938514,0.972433255659103,0.08547722282520262
155,0.9787822878228782,0.05778686088937009,0.9726503165497395,0.08532847598137866
156,0.9779683090948557,0.05996704146137414,0.972433255659103,0.08545244325961415
157,0.97840243110901,0.06101921668980899,0.9728673777120709,0.0842073730764719
